<?xml version="1.0" encoding="UTF-8"?>
<!-- Generated by org.testng.reporters.JUnitXMLReporter -->
<testsuite ignored="0" hostname="PrabhatsPC" failures="0" tests="4" name="Default test" time="6.674" errors="0" timestamp="2023-05-16T01:28:53 IST">
  <testcase classname="Demo.TrelloAPI" name="CreateBoard" time="3.648"/>
  <testcase classname="Demo.TrelloAPI" name="UpdateBoard" time="0.74"/>
  <testcase classname="Demo.TrelloAPI" name="GetBoard" time="0.754"/>
  <testcase classname="Demo.TrelloAPI" name="DeleteBoard" time="1.384"/>
</testsuite> <!-- Default test -->
