<?xml version="1.0" encoding="UTF-8"?>
<testng-results ignored="0" total="4" passed="4" failed="0" skipped="0">
  <reporter-output>
  </reporter-output>
  <suite started-at="2023-05-16T01:28:47 IST" name="Default suite" finished-at="2023-05-16T01:28:53 IST" duration-ms="6674">
    <groups>
    </groups>
    <test started-at="2023-05-16T01:28:47 IST" name="Default test" finished-at="2023-05-16T01:28:53 IST" duration-ms="6674">
      <class name="Demo.TrelloAPI">
        <test-method signature="CreateBoard()[pri:0, instance:Demo.TrelloAPI@479d31f3]" started-at="2023-05-16T01:28:47 IST" name="CreateBoard" finished-at="2023-05-16T01:28:50 IST" duration-ms="3648" status="PASS">
          <reporter-output>
          </reporter-output>
        </test-method> <!-- CreateBoard -->
        <test-method signature="UpdateBoard()[pri:1, instance:Demo.TrelloAPI@479d31f3]" started-at="2023-05-16T01:28:50 IST" name="UpdateBoard" finished-at="2023-05-16T01:28:51 IST" duration-ms="740" status="PASS">
          <reporter-output>
          </reporter-output>
        </test-method> <!-- UpdateBoard -->
        <test-method signature="GetBoard()[pri:2, instance:Demo.TrelloAPI@479d31f3]" started-at="2023-05-16T01:28:51 IST" name="GetBoard" finished-at="2023-05-16T01:28:52 IST" duration-ms="754" status="PASS">
          <reporter-output>
          </reporter-output>
        </test-method> <!-- GetBoard -->
        <test-method signature="DeleteBoard()[pri:3, instance:Demo.TrelloAPI@479d31f3]" started-at="2023-05-16T01:28:52 IST" name="DeleteBoard" finished-at="2023-05-16T01:28:53 IST" duration-ms="1384" status="PASS">
          <reporter-output>
          </reporter-output>
        </test-method> <!-- DeleteBoard -->
      </class> <!-- Demo.TrelloAPI -->
    </test> <!-- Default test -->
  </suite> <!-- Default suite -->
</testng-results>
