<?xml version="1.0" encoding="UTF-8"?>
<!-- Generated by org.testng.reporters.JUnitXMLReporter -->
<testsuite ignored="0" hostname="PrabhatsPC" failures="4" tests="7" name="Test" time="261.936" errors="0" timestamp="2023-06-07T01:17:31 IST">
  <testcase classname="demo.appiumFramework.Testbanjara" name="startup" time="33.349"/>
  <testcase classname="demo.appiumFramework.Testbanjara" name="bookings" time="38.314">
    <failure type="org.openqa.selenium.NoSuchElementException" message="An element could not be located on the page using the given search parameters.
For documentation on this error, please visit: https://www.seleniumhq.org/exceptions/no_such_element.html
Build info: version: &amp;apos;3.141.59&amp;apos;, revision: &amp;apos;e82be7d358&amp;apos;, time: &amp;apos;2018-11-14T08:17:03&amp;apos;
System info: host: &amp;apos;PRABHATSPC&amp;apos;, ip: &amp;apos;192.168.43.240&amp;apos;, os.name: &amp;apos;Windows 11&amp;apos;, os.arch: &amp;apos;amd64&amp;apos;, os.version: &amp;apos;10.0&amp;apos;, java.version: &amp;apos;19.0.2&amp;apos;
Driver info: io.appium.java_client.android.AndroidDriver
Capabilities {appActivity: com.forbinary.banjararide.a..., appPackage: com.forbinary.banjararide, chromedriverExecutable: C://Users//USER//eclipse-wo..., databaseEnabled: false, desired: {appActivity: com.forbinary.banjararide.a..., appPackage: com.forbinary.banjararide, chromedriverExecutable: C://Users//USER//eclipse-wo..., deviceName: Prabhat, noReset: true, platformName: android}, deviceApiLevel: 30, deviceManufacturer: Xiaomi, deviceModel: POCO X2, deviceName: 8199d122, deviceScreenDensity: 440, deviceScreenSize: 1080x2400, deviceUDID: 8199d122, javascriptEnabled: true, locationContextEnabled: false, networkConnectionEnabled: true, noReset: true, pixelRatio: 2.75, platform: LINUX, platformName: Android, platformVersion: 11, statBarHeight: 95, takesScreenshot: true, viewportRect: {height: 2080, left: 0, top: 95, width: 1080}, warnings: {}, webStorageEnabled: false}
Session ID: 1c30165a-6621-4064-b8a3-79664624882d
*** Element info: {Using=accessibility id, value=Search}">
      <![CDATA[org.openqa.selenium.NoSuchElementException: An element could not be located on the page using the given search parameters.
For documentation on this error, please visit: https://www.seleniumhq.org/exceptions/no_such_element.html
Build info: version: '3.141.59', revision: 'e82be7d358', time: '2018-11-14T08:17:03'
System info: host: 'PRABHATSPC', ip: '192.168.43.240', os.name: 'Windows 11', os.arch: 'amd64', os.version: '10.0', java.version: '19.0.2'
Driver info: io.appium.java_client.android.AndroidDriver
Capabilities {appActivity: com.forbinary.banjararide.a..., appPackage: com.forbinary.banjararide, chromedriverExecutable: C://Users//USER//eclipse-wo..., databaseEnabled: false, desired: {appActivity: com.forbinary.banjararide.a..., appPackage: com.forbinary.banjararide, chromedriverExecutable: C://Users//USER//eclipse-wo..., deviceName: Prabhat, noReset: true, platformName: android}, deviceApiLevel: 30, deviceManufacturer: Xiaomi, deviceModel: POCO X2, deviceName: 8199d122, deviceScreenDensity: 440, deviceScreenSize: 1080x2400, deviceUDID: 8199d122, javascriptEnabled: true, locationContextEnabled: false, networkConnectionEnabled: true, noReset: true, pixelRatio: 2.75, platform: LINUX, platformName: Android, platformVersion: 11, statBarHeight: 95, takesScreenshot: true, viewportRect: {height: 2080, left: 0, top: 95, width: 1080}, warnings: {}, webStorageEnabled: false}
Session ID: 1c30165a-6621-4064-b8a3-79664624882d
*** Element info: {Using=accessibility id, value=Search}
at org.openqa.selenium.remote.http.W3CHttpResponseCodec.createException(W3CHttpResponseCodec.java:187)
at org.openqa.selenium.remote.http.W3CHttpResponseCodec.decode(W3CHttpResponseCodec.java:122)
at org.openqa.selenium.remote.http.W3CHttpResponseCodec.decode(W3CHttpResponseCodec.java:49)
at org.openqa.selenium.remote.HttpCommandExecutor.execute(HttpCommandExecutor.java:158)
at io.appium.java_client.remote.AppiumCommandExecutor.execute(AppiumCommandExecutor.java:239)
at org.openqa.selenium.remote.RemoteWebDriver.execute(RemoteWebDriver.java:552)
at io.appium.java_client.DefaultGenericMobileDriver.execute(DefaultGenericMobileDriver.java:41)
at io.appium.java_client.AppiumDriver.execute(AppiumDriver.java:1)
at io.appium.java_client.android.AndroidDriver.execute(AndroidDriver.java:1)
at org.openqa.selenium.remote.RemoteWebDriver.findElement(RemoteWebDriver.java:323)
at io.appium.java_client.DefaultGenericMobileDriver.findElement(DefaultGenericMobileDriver.java:61)
at io.appium.java_client.AppiumDriver.findElement(AppiumDriver.java:1)
at io.appium.java_client.android.AndroidDriver.findElement(AndroidDriver.java:1)
at io.appium.java_client.FindsByAccessibilityId.findElementByAccessibilityId(FindsByAccessibilityId.java:37)
at demo.appiumFramework.Testbanjara.bookings(Testbanjara.java:71)
at java.base/java.util.ArrayList.forEach(ArrayList.java:1511)
... Removed 28 stack frames]]>
    </failure>
  </testcase> <!-- bookings -->
  <testcase classname="demo.appiumFramework.Testbanjara" name="callUs" time="39.283">
    <failure type="org.openqa.selenium.NoSuchElementException" message="An element could not be located on the page using the given search parameters.
For documentation on this error, please visit: https://www.seleniumhq.org/exceptions/no_such_element.html
Build info: version: &amp;apos;3.141.59&amp;apos;, revision: &amp;apos;e82be7d358&amp;apos;, time: &amp;apos;2018-11-14T08:17:03&amp;apos;
System info: host: &amp;apos;PRABHATSPC&amp;apos;, ip: &amp;apos;192.168.43.240&amp;apos;, os.name: &amp;apos;Windows 11&amp;apos;, os.arch: &amp;apos;amd64&amp;apos;, os.version: &amp;apos;10.0&amp;apos;, java.version: &amp;apos;19.0.2&amp;apos;
Driver info: io.appium.java_client.android.AndroidDriver
Capabilities {appActivity: com.forbinary.banjararide.a..., appPackage: com.forbinary.banjararide, chromedriverExecutable: C://Users//USER//eclipse-wo..., databaseEnabled: false, desired: {appActivity: com.forbinary.banjararide.a..., appPackage: com.forbinary.banjararide, chromedriverExecutable: C://Users//USER//eclipse-wo..., deviceName: Prabhat, noReset: true, platformName: android}, deviceApiLevel: 30, deviceManufacturer: Xiaomi, deviceModel: POCO X2, deviceName: 8199d122, deviceScreenDensity: 440, deviceScreenSize: 1080x2400, deviceUDID: 8199d122, javascriptEnabled: true, locationContextEnabled: false, networkConnectionEnabled: true, noReset: true, pixelRatio: 2.75, platform: LINUX, platformName: Android, platformVersion: 11, statBarHeight: 95, takesScreenshot: true, viewportRect: {height: 2080, left: 0, top: 95, width: 1080}, warnings: {}, webStorageEnabled: false}
Session ID: 1c30165a-6621-4064-b8a3-79664624882d
*** Element info: {Using=-android uiautomator, value=new UiScrollable(new UiSelector().scrollable(true)).scrollIntoView(new UiSelector().text(&amp;quot;Call Us&amp;quot;))}">
      <![CDATA[org.openqa.selenium.NoSuchElementException: An element could not be located on the page using the given search parameters.
For documentation on this error, please visit: https://www.seleniumhq.org/exceptions/no_such_element.html
Build info: version: '3.141.59', revision: 'e82be7d358', time: '2018-11-14T08:17:03'
System info: host: 'PRABHATSPC', ip: '192.168.43.240', os.name: 'Windows 11', os.arch: 'amd64', os.version: '10.0', java.version: '19.0.2'
Driver info: io.appium.java_client.android.AndroidDriver
Capabilities {appActivity: com.forbinary.banjararide.a..., appPackage: com.forbinary.banjararide, chromedriverExecutable: C://Users//USER//eclipse-wo..., databaseEnabled: false, desired: {appActivity: com.forbinary.banjararide.a..., appPackage: com.forbinary.banjararide, chromedriverExecutable: C://Users//USER//eclipse-wo..., deviceName: Prabhat, noReset: true, platformName: android}, deviceApiLevel: 30, deviceManufacturer: Xiaomi, deviceModel: POCO X2, deviceName: 8199d122, deviceScreenDensity: 440, deviceScreenSize: 1080x2400, deviceUDID: 8199d122, javascriptEnabled: true, locationContextEnabled: false, networkConnectionEnabled: true, noReset: true, pixelRatio: 2.75, platform: LINUX, platformName: Android, platformVersion: 11, statBarHeight: 95, takesScreenshot: true, viewportRect: {height: 2080, left: 0, top: 95, width: 1080}, warnings: {}, webStorageEnabled: false}
Session ID: 1c30165a-6621-4064-b8a3-79664624882d
*** Element info: {Using=-android uiautomator, value=new UiScrollable(new UiSelector().scrollable(true)).scrollIntoView(new UiSelector().text("Call Us"))}
at org.openqa.selenium.remote.http.W3CHttpResponseCodec.createException(W3CHttpResponseCodec.java:187)
at org.openqa.selenium.remote.http.W3CHttpResponseCodec.decode(W3CHttpResponseCodec.java:122)
at org.openqa.selenium.remote.http.W3CHttpResponseCodec.decode(W3CHttpResponseCodec.java:49)
at org.openqa.selenium.remote.HttpCommandExecutor.execute(HttpCommandExecutor.java:158)
at io.appium.java_client.remote.AppiumCommandExecutor.execute(AppiumCommandExecutor.java:239)
at org.openqa.selenium.remote.RemoteWebDriver.execute(RemoteWebDriver.java:552)
at io.appium.java_client.DefaultGenericMobileDriver.execute(DefaultGenericMobileDriver.java:41)
at io.appium.java_client.AppiumDriver.execute(AppiumDriver.java:1)
at io.appium.java_client.android.AndroidDriver.execute(AndroidDriver.java:1)
at org.openqa.selenium.remote.RemoteWebDriver.findElement(RemoteWebDriver.java:323)
at io.appium.java_client.DefaultGenericMobileDriver.findElement(DefaultGenericMobileDriver.java:61)
at io.appium.java_client.AppiumDriver.findElement(AppiumDriver.java:1)
at io.appium.java_client.android.AndroidDriver.findElement(AndroidDriver.java:1)
at io.appium.java_client.FindsByAndroidUIAutomator.findElementByAndroidUIAutomator(FindsByAndroidUIAutomator.java:38)
at io.appium.java_client.MobileBy$ByAndroidUIAutomator.findElement(MobileBy.java:210)
at org.openqa.selenium.remote.RemoteWebDriver.findElement(RemoteWebDriver.java:315)
at io.appium.java_client.DefaultGenericMobileDriver.findElement(DefaultGenericMobileDriver.java:57)
at io.appium.java_client.AppiumDriver.findElement(AppiumDriver.java:1)
at io.appium.java_client.android.AndroidDriver.findElement(AndroidDriver.java:1)
at demo.appiumFramework.Testbanjara.callUs(Testbanjara.java:87)
at java.base/java.util.ArrayList.forEach(ArrayList.java:1511)
... Removed 28 stack frames]]>
    </failure>
  </testcase> <!-- callUs -->
  <testcase classname="demo.appiumFramework.Testbanjara" name="aboutUs" time="30.297">
    <failure type="org.openqa.selenium.NoSuchElementException" message="An element could not be located on the page using the given search parameters.
For documentation on this error, please visit: https://www.seleniumhq.org/exceptions/no_such_element.html
Build info: version: &amp;apos;3.141.59&amp;apos;, revision: &amp;apos;e82be7d358&amp;apos;, time: &amp;apos;2018-11-14T08:17:03&amp;apos;
System info: host: &amp;apos;PRABHATSPC&amp;apos;, ip: &amp;apos;192.168.43.240&amp;apos;, os.name: &amp;apos;Windows 11&amp;apos;, os.arch: &amp;apos;amd64&amp;apos;, os.version: &amp;apos;10.0&amp;apos;, java.version: &amp;apos;19.0.2&amp;apos;
Driver info: io.appium.java_client.android.AndroidDriver
Capabilities {appActivity: com.forbinary.banjararide.a..., appPackage: com.forbinary.banjararide, chromedriverExecutable: C://Users//USER//eclipse-wo..., databaseEnabled: false, desired: {appActivity: com.forbinary.banjararide.a..., appPackage: com.forbinary.banjararide, chromedriverExecutable: C://Users//USER//eclipse-wo..., deviceName: Prabhat, noReset: true, platformName: android}, deviceApiLevel: 30, deviceManufacturer: Xiaomi, deviceModel: POCO X2, deviceName: 8199d122, deviceScreenDensity: 440, deviceScreenSize: 1080x2400, deviceUDID: 8199d122, javascriptEnabled: true, locationContextEnabled: false, networkConnectionEnabled: true, noReset: true, pixelRatio: 2.75, platform: LINUX, platformName: Android, platformVersion: 11, statBarHeight: 95, takesScreenshot: true, viewportRect: {height: 2080, left: 0, top: 95, width: 1080}, warnings: {}, webStorageEnabled: false}
Session ID: 1c30165a-6621-4064-b8a3-79664624882d
*** Element info: {Using=-android uiautomator, value=text(&amp;quot;About Us&amp;quot;)}">
      <![CDATA[org.openqa.selenium.NoSuchElementException: An element could not be located on the page using the given search parameters.
For documentation on this error, please visit: https://www.seleniumhq.org/exceptions/no_such_element.html
Build info: version: '3.141.59', revision: 'e82be7d358', time: '2018-11-14T08:17:03'
System info: host: 'PRABHATSPC', ip: '192.168.43.240', os.name: 'Windows 11', os.arch: 'amd64', os.version: '10.0', java.version: '19.0.2'
Driver info: io.appium.java_client.android.AndroidDriver
Capabilities {appActivity: com.forbinary.banjararide.a..., appPackage: com.forbinary.banjararide, chromedriverExecutable: C://Users//USER//eclipse-wo..., databaseEnabled: false, desired: {appActivity: com.forbinary.banjararide.a..., appPackage: com.forbinary.banjararide, chromedriverExecutable: C://Users//USER//eclipse-wo..., deviceName: Prabhat, noReset: true, platformName: android}, deviceApiLevel: 30, deviceManufacturer: Xiaomi, deviceModel: POCO X2, deviceName: 8199d122, deviceScreenDensity: 440, deviceScreenSize: 1080x2400, deviceUDID: 8199d122, javascriptEnabled: true, locationContextEnabled: false, networkConnectionEnabled: true, noReset: true, pixelRatio: 2.75, platform: LINUX, platformName: Android, platformVersion: 11, statBarHeight: 95, takesScreenshot: true, viewportRect: {height: 2080, left: 0, top: 95, width: 1080}, warnings: {}, webStorageEnabled: false}
Session ID: 1c30165a-6621-4064-b8a3-79664624882d
*** Element info: {Using=-android uiautomator, value=text("About Us")}
at org.openqa.selenium.remote.http.W3CHttpResponseCodec.createException(W3CHttpResponseCodec.java:187)
at org.openqa.selenium.remote.http.W3CHttpResponseCodec.decode(W3CHttpResponseCodec.java:122)
at org.openqa.selenium.remote.http.W3CHttpResponseCodec.decode(W3CHttpResponseCodec.java:49)
at org.openqa.selenium.remote.HttpCommandExecutor.execute(HttpCommandExecutor.java:158)
at io.appium.java_client.remote.AppiumCommandExecutor.execute(AppiumCommandExecutor.java:239)
at org.openqa.selenium.remote.RemoteWebDriver.execute(RemoteWebDriver.java:552)
at io.appium.java_client.DefaultGenericMobileDriver.execute(DefaultGenericMobileDriver.java:41)
at io.appium.java_client.AppiumDriver.execute(AppiumDriver.java:1)
at io.appium.java_client.android.AndroidDriver.execute(AndroidDriver.java:1)
at org.openqa.selenium.remote.RemoteWebDriver.findElement(RemoteWebDriver.java:323)
at io.appium.java_client.DefaultGenericMobileDriver.findElement(DefaultGenericMobileDriver.java:61)
at io.appium.java_client.AppiumDriver.findElement(AppiumDriver.java:1)
at io.appium.java_client.android.AndroidDriver.findElement(AndroidDriver.java:1)
at io.appium.java_client.FindsByAndroidUIAutomator.findElementByAndroidUIAutomator(FindsByAndroidUIAutomator.java:38)
at io.appium.java_client.MobileBy$ByAndroidUIAutomator.findElement(MobileBy.java:210)
at org.openqa.selenium.remote.RemoteWebDriver.findElement(RemoteWebDriver.java:315)
at io.appium.java_client.DefaultGenericMobileDriver.findElement(DefaultGenericMobileDriver.java:57)
at io.appium.java_client.AppiumDriver.findElement(AppiumDriver.java:1)
at io.appium.java_client.android.AndroidDriver.findElement(AndroidDriver.java:1)
at demo.appiumFramework.Testbanjara.aboutUs(Testbanjara.java:98)
at java.base/java.util.ArrayList.forEach(ArrayList.java:1511)
... Removed 28 stack frames]]>
    </failure>
  </testcase> <!-- aboutUs -->
  <testcase classname="demo.appiumFramework.Testbanjara" name="info_center" time="71.005">
    <failure type="org.openqa.selenium.NoSuchElementException" message="An element could not be located on the page using the given search parameters.
For documentation on this error, please visit: https://www.seleniumhq.org/exceptions/no_such_element.html
Build info: version: &amp;apos;3.141.59&amp;apos;, revision: &amp;apos;e82be7d358&amp;apos;, time: &amp;apos;2018-11-14T08:17:03&amp;apos;
System info: host: &amp;apos;PRABHATSPC&amp;apos;, ip: &amp;apos;192.168.43.240&amp;apos;, os.name: &amp;apos;Windows 11&amp;apos;, os.arch: &amp;apos;amd64&amp;apos;, os.version: &amp;apos;10.0&amp;apos;, java.version: &amp;apos;19.0.2&amp;apos;
Driver info: io.appium.java_client.android.AndroidDriver
Capabilities {appActivity: com.forbinary.banjararide.a..., appPackage: com.forbinary.banjararide, chromedriverExecutable: C://Users//USER//eclipse-wo..., databaseEnabled: false, desired: {appActivity: com.forbinary.banjararide.a..., appPackage: com.forbinary.banjararide, chromedriverExecutable: C://Users//USER//eclipse-wo..., deviceName: Prabhat, noReset: true, platformName: android}, deviceApiLevel: 30, deviceManufacturer: Xiaomi, deviceModel: POCO X2, deviceName: 8199d122, deviceScreenDensity: 440, deviceScreenSize: 1080x2400, deviceUDID: 8199d122, javascriptEnabled: true, locationContextEnabled: false, networkConnectionEnabled: true, noReset: true, pixelRatio: 2.75, platform: LINUX, platformName: Android, platformVersion: 11, statBarHeight: 95, takesScreenshot: true, viewportRect: {height: 2080, left: 0, top: 95, width: 1080}, warnings: {}, webStorageEnabled: false}
Session ID: 1c30165a-6621-4064-b8a3-79664624882d
*** Element info: {Using=xpath, value=//*[@text=&amp;apos;Word&amp;apos;]}">
      <![CDATA[org.openqa.selenium.NoSuchElementException: An element could not be located on the page using the given search parameters.
For documentation on this error, please visit: https://www.seleniumhq.org/exceptions/no_such_element.html
Build info: version: '3.141.59', revision: 'e82be7d358', time: '2018-11-14T08:17:03'
System info: host: 'PRABHATSPC', ip: '192.168.43.240', os.name: 'Windows 11', os.arch: 'amd64', os.version: '10.0', java.version: '19.0.2'
Driver info: io.appium.java_client.android.AndroidDriver
Capabilities {appActivity: com.forbinary.banjararide.a..., appPackage: com.forbinary.banjararide, chromedriverExecutable: C://Users//USER//eclipse-wo..., databaseEnabled: false, desired: {appActivity: com.forbinary.banjararide.a..., appPackage: com.forbinary.banjararide, chromedriverExecutable: C://Users//USER//eclipse-wo..., deviceName: Prabhat, noReset: true, platformName: android}, deviceApiLevel: 30, deviceManufacturer: Xiaomi, deviceModel: POCO X2, deviceName: 8199d122, deviceScreenDensity: 440, deviceScreenSize: 1080x2400, deviceUDID: 8199d122, javascriptEnabled: true, locationContextEnabled: false, networkConnectionEnabled: true, noReset: true, pixelRatio: 2.75, platform: LINUX, platformName: Android, platformVersion: 11, statBarHeight: 95, takesScreenshot: true, viewportRect: {height: 2080, left: 0, top: 95, width: 1080}, warnings: {}, webStorageEnabled: false}
Session ID: 1c30165a-6621-4064-b8a3-79664624882d
*** Element info: {Using=xpath, value=//*[@text='Word']}
at org.openqa.selenium.remote.http.W3CHttpResponseCodec.createException(W3CHttpResponseCodec.java:187)
at org.openqa.selenium.remote.http.W3CHttpResponseCodec.decode(W3CHttpResponseCodec.java:122)
at org.openqa.selenium.remote.http.W3CHttpResponseCodec.decode(W3CHttpResponseCodec.java:49)
at org.openqa.selenium.remote.HttpCommandExecutor.execute(HttpCommandExecutor.java:158)
at io.appium.java_client.remote.AppiumCommandExecutor.execute(AppiumCommandExecutor.java:239)
at org.openqa.selenium.remote.RemoteWebDriver.execute(RemoteWebDriver.java:552)
at io.appium.java_client.DefaultGenericMobileDriver.execute(DefaultGenericMobileDriver.java:41)
at io.appium.java_client.AppiumDriver.execute(AppiumDriver.java:1)
at io.appium.java_client.android.AndroidDriver.execute(AndroidDriver.java:1)
at org.openqa.selenium.remote.RemoteWebDriver.findElement(RemoteWebDriver.java:323)
at io.appium.java_client.DefaultGenericMobileDriver.findElement(DefaultGenericMobileDriver.java:61)
at io.appium.java_client.AppiumDriver.findElement(AppiumDriver.java:1)
at io.appium.java_client.android.AndroidDriver.findElement(AndroidDriver.java:1)
at org.openqa.selenium.remote.RemoteWebDriver.findElementByXPath(RemoteWebDriver.java:428)
at io.appium.java_client.DefaultGenericMobileDriver.findElementByXPath(DefaultGenericMobileDriver.java:151)
at io.appium.java_client.AppiumDriver.findElementByXPath(AppiumDriver.java:1)
at io.appium.java_client.android.AndroidDriver.findElementByXPath(AndroidDriver.java:1)
at org.openqa.selenium.By$ByXPath.findElement(By.java:353)
at org.openqa.selenium.remote.RemoteWebDriver.findElement(RemoteWebDriver.java:315)
at io.appium.java_client.DefaultGenericMobileDriver.findElement(DefaultGenericMobileDriver.java:57)
at io.appium.java_client.AppiumDriver.findElement(AppiumDriver.java:1)
at io.appium.java_client.android.AndroidDriver.findElement(AndroidDriver.java:1)
at demo.appiumFramework.Testbanjara.info_center(Testbanjara.java:135)
at java.base/java.util.ArrayList.forEach(ArrayList.java:1511)
... Removed 28 stack frames]]>
    </failure>
  </testcase> <!-- info_center -->
  <testcase classname="demo.appiumFramework.Testbanjara" name="profile" time="16.895"/>
  <testcase classname="demo.appiumFramework.Testbanjara" name="languageChange" time="15.708"/>
</testsuite> <!-- Test -->
